<?xml version="1.0" encoding="UTF-8"?>
<testsuite xmlns:xsi="http://www.w3.org/2001/XMLSchema-instance" xsi:noNamespaceSchemaLocation="https://maven.apache.org/surefire/maven-surefire-plugin/xsd/surefire-test-report.xsd" name="com.example.AppTest" time="0.034" tests="1" errors="0" skipped="0" failures="0">
  <properties>
    <property name="java.specification.version" value="21"/>
    <property name="sun.jnu.encoding" value="UTF-8"/>
    <property name="java.class.path" value="/home/uzair/Desktop/pdf-reader/pdfreader/target/test-classes:/home/uzair/Desktop/pdf-reader/pdfreader/target/classes:/home/uzair/.m2/repository/junit/junit/4.11/junit-4.11.jar:/home/uzair/.m2/repository/org/hamcrest/hamcrest-core/1.3/hamcrest-core-1.3.jar:/home/uzair/.m2/repository/org/apache/pdfbox/pdfbox/3.0.0/pdfbox-3.0.0.jar:/home/uzair/.m2/repository/org/apache/pdfbox/pdfbox-io/3.0.0/pdfbox-io-3.0.0.jar:/home/uzair/.m2/repository/org/apache/pdfbox/fontbox/3.0.0/fontbox-3.0.0.jar:/home/uzair/.m2/repository/commons-logging/commons-logging/1.2/commons-logging-1.2.jar:/home/uzair/.m2/repository/org/apache/poi/poi/5.2.3/poi-5.2.3.jar:/home/uzair/.m2/repository/commons-codec/commons-codec/1.15/commons-codec-1.15.jar:/home/uzair/.m2/repository/org/apache/commons/commons-collections4/4.4/commons-collections4-4.4.jar:/home/uzair/.m2/repository/org/apache/commons/commons-math3/3.6.1/commons-math3-3.6.1.jar:/home/uzair/.m2/repository/commons-io/commons-io/2.11.0/commons-io-2.11.0.jar:/home/uzair/.m2/repository/com/zaxxer/SparseBitSet/1.2/SparseBitSet-1.2.jar:/home/uzair/.m2/repository/org/apache/logging/log4j/log4j-api/2.18.0/log4j-api-2.18.0.jar:/home/uzair/.m2/repository/org/apache/poi/poi-ooxml/5.2.3/poi-ooxml-5.2.3.jar:/home/uzair/.m2/repository/org/apache/poi/poi-ooxml-lite/5.2.3/poi-ooxml-lite-5.2.3.jar:/home/uzair/.m2/repository/org/apache/xmlbeans/xmlbeans/5.1.1/xmlbeans-5.1.1.jar:/home/uzair/.m2/repository/org/apache/commons/commons-compress/1.21/commons-compress-1.21.jar:/home/uzair/.m2/repository/com/github/virtuald/curvesapi/1.07/curvesapi-1.07.jar:"/>
    <property name="java.vm.vendor" value="Ubuntu"/>
    <property name="sun.arch.data.model" value="64"/>
    <property name="java.vendor.url" value="https://ubuntu.com/"/>
    <property name="os.name" value="Linux"/>
    <property name="java.vm.specification.version" value="21"/>
    <property name="sun.java.launcher" value="SUN_STANDARD"/>
    <property name="user.country" value="US"/>
    <property name="sun.boot.library.path" value="/usr/lib/jvm/java-21-openjdk-amd64/lib"/>
    <property name="sun.java.command" value="/home/uzair/Desktop/pdf-reader/pdfreader/target/surefire/surefirebooter14328251794777870799.jar /home/uzair/Desktop/pdf-reader/pdfreader/target/surefire 2024-10-11T09-35-12_839-jvmRun1 surefire9961234034917834560tmp surefire_010669063825453017043tmp"/>
    <property name="jdk.debug" value="release"/>
    <property name="surefire.test.class.path" value="/home/uzair/Desktop/pdf-reader/pdfreader/target/test-classes:/home/uzair/Desktop/pdf-reader/pdfreader/target/classes:/home/uzair/.m2/repository/junit/junit/4.11/junit-4.11.jar:/home/uzair/.m2/repository/org/hamcrest/hamcrest-core/1.3/hamcrest-core-1.3.jar:/home/uzair/.m2/repository/org/apache/pdfbox/pdfbox/3.0.0/pdfbox-3.0.0.jar:/home/uzair/.m2/repository/org/apache/pdfbox/pdfbox-io/3.0.0/pdfbox-io-3.0.0.jar:/home/uzair/.m2/repository/org/apache/pdfbox/fontbox/3.0.0/fontbox-3.0.0.jar:/home/uzair/.m2/repository/commons-logging/commons-logging/1.2/commons-logging-1.2.jar:/home/uzair/.m2/repository/org/apache/poi/poi/5.2.3/poi-5.2.3.jar:/home/uzair/.m2/repository/commons-codec/commons-codec/1.15/commons-codec-1.15.jar:/home/uzair/.m2/repository/org/apache/commons/commons-collections4/4.4/commons-collections4-4.4.jar:/home/uzair/.m2/repository/org/apache/commons/commons-math3/3.6.1/commons-math3-3.6.1.jar:/home/uzair/.m2/repository/commons-io/commons-io/2.11.0/commons-io-2.11.0.jar:/home/uzair/.m2/repository/com/zaxxer/SparseBitSet/1.2/SparseBitSet-1.2.jar:/home/uzair/.m2/repository/org/apache/logging/log4j/log4j-api/2.18.0/log4j-api-2.18.0.jar:/home/uzair/.m2/repository/org/apache/poi/poi-ooxml/5.2.3/poi-ooxml-5.2.3.jar:/home/uzair/.m2/repository/org/apache/poi/poi-ooxml-lite/5.2.3/poi-ooxml-lite-5.2.3.jar:/home/uzair/.m2/repository/org/apache/xmlbeans/xmlbeans/5.1.1/xmlbeans-5.1.1.jar:/home/uzair/.m2/repository/org/apache/commons/commons-compress/1.21/commons-compress-1.21.jar:/home/uzair/.m2/repository/com/github/virtuald/curvesapi/1.07/curvesapi-1.07.jar:"/>
    <property name="sun.cpu.endian" value="little"/>
    <property name="user.home" value="/home/uzair"/>
    <property name="user.language" value="en"/>
    <property name="java.specification.vendor" value="Oracle Corporation"/>
    <property name="java.version.date" value="2024-07-16"/>
    <property name="java.home" value="/usr/lib/jvm/java-21-openjdk-amd64"/>
    <property name="file.separator" value="/"/>
    <property name="basedir" value="/home/uzair/Desktop/pdf-reader/pdfreader"/>
    <property name="java.vm.compressedOopsMode" value="32-bit"/>
    <property name="line.separator" value="&#10;"/>
    <property name="java.specification.name" value="Java Platform API Specification"/>
    <property name="java.vm.specification.vendor" value="Oracle Corporation"/>
    <property name="surefire.real.class.path" value="/home/uzair/Desktop/pdf-reader/pdfreader/target/surefire/surefirebooter14328251794777870799.jar"/>
    <property name="sun.management.compiler" value="HotSpot 64-Bit Tiered Compilers"/>
    <property name="java.runtime.version" value="21.0.4+7-Ubuntu-1ubuntu224.04"/>
    <property name="user.name" value="uzair"/>
    <property name="stdout.encoding" value="UTF-8"/>
    <property name="path.separator" value=":"/>
    <property name="os.version" value="6.8.0-45-generic"/>
    <property name="java.runtime.name" value="OpenJDK Runtime Environment"/>
    <property name="file.encoding" value="UTF-8"/>
    <property name="java.vm.name" value="OpenJDK 64-Bit Server VM"/>
    <property name="localRepository" value="/home/uzair/.m2/repository"/>
    <property name="java.vendor.url.bug" value="https://bugs.launchpad.net/ubuntu/+source/openjdk-21"/>
    <property name="java.io.tmpdir" value="/tmp"/>
    <property name="java.version" value="21.0.4"/>
    <property name="user.dir" value="/home/uzair/Desktop/pdf-reader/pdfreader"/>
    <property name="os.arch" value="amd64"/>
    <property name="java.vm.specification.name" value="Java Virtual Machine Specification"/>
    <property name="native.encoding" value="UTF-8"/>
    <property name="java.library.path" value="/usr/java/packages/lib:/usr/lib/x86_64-linux-gnu/jni:/lib/x86_64-linux-gnu:/usr/lib/x86_64-linux-gnu:/usr/lib/jni:/lib:/usr/lib"/>
    <property name="java.vm.info" value="mixed mode, sharing"/>
    <property name="stderr.encoding" value="UTF-8"/>
    <property name="java.vendor" value="Ubuntu"/>
    <property name="java.vm.version" value="21.0.4+7-Ubuntu-1ubuntu224.04"/>
    <property name="sun.io.unicode.encoding" value="UnicodeLittle"/>
    <property name="java.class.version" value="65.0"/>
  </properties>
  <testcase name="shouldAnswerWithTrue" classname="com.example.AppTest" time="0.004"/>
</testsuite>